  Building Custom Rule C:/Users/carlo/Desktop/Pong-Game/lib/sfml/src/SFML/Audio/CMakeLists.txt
  ALCheck.cpp
  AlResource.cpp
  AudioDevice.cpp
  Listener.cpp
  Music.cpp
  Sound.cpp
  SoundBuffer.cpp
  SoundBufferRecorder.cpp
  InputSoundFile.cpp
  OutputSoundFile.cpp
  SoundRecorder.cpp
  SoundSource.cpp
  SoundStream.cpp
  SoundFileFactory.cpp
  SoundFileReaderFlac.cpp
  SoundFileReaderMp3.cpp
  SoundFileReaderOgg.cpp
  SoundFileReaderWav.cpp
  SoundFileWriterFlac.cpp
  SoundFileWriterOgg.cpp
  Generating Code...
  Compiling...
  SoundFileWriterWav.cpp
  Generating Code...
     Creating library C:/Users/carlo/Game_Pojects_Builds/Game--Pong/lib/sfml/lib/Debug/sfml-audio-d.lib and object C:/Users/carlo/Game_Pojects_Builds/Game--Pong/lib/sfml/lib/Debug/sfml-audio-d.exp
  sfml-audio.vcxproj -> C:\Users\carlo\Game_Pojects_Builds\Game--Pong\bin\Debug\sfml-audio-d-3.dll
