  Building Custom Rule C:/Users/carlo/Desktop/Pong-Game/lib/sfml/src/SFML/Window/CMakeLists.txt
  Clipboard.cpp
  Context.cpp
  Cursor.cpp
  EGLCheck.cpp
  EglContext.cpp
  GlContext.cpp
  GlResource.cpp
  Joystick.cpp
  C:\Program Files (x86)\Windows Kits\10\Include\10.0.19041.0\um\dinput.h: DIRECTINPUT_VERSION undefined. Defaulting to version 0x0800
  JoystickManager.cpp
  C:\Program Files (x86)\Windows Kits\10\Include\10.0.19041.0\um\dinput.h: DIRECTINPUT_VERSION undefined. Defaulting to version 0x0800
  Keyboard.cpp
  Mouse.cpp
  Touch.cpp
  Sensor.cpp
  SensorManager.cpp
  VideoMode.cpp
  Vulkan.cpp
  Window.cpp
  WindowBase.cpp
  WindowImpl.cpp
  C:\Program Files (x86)\Windows Kits\10\Include\10.0.19041.0\um\dinput.h: DIRECTINPUT_VERSION undefined. Defaulting to version 0x0800
  CursorImpl.cpp
  Generating Code...
  Compiling...
  ClipboardImpl.cpp
  WglContext.cpp
  InputImpl.cpp
  JoystickImpl.cpp
  C:\Program Files (x86)\Windows Kits\10\Include\10.0.19041.0\um\dinput.h: DIRECTINPUT_VERSION undefined. Defaulting to version 0x0800
  SensorImpl.cpp
  VideoModeImpl.cpp
  VulkanImplWin32.cpp
  WindowImplWin32.cpp
  C:\Program Files (x86)\Windows Kits\10\Include\10.0.19041.0\um\dinput.h: DIRECTINPUT_VERSION undefined. Defaulting to version 0x0800
  Generating Code...
     Creating library C:/Users/carlo/Game_Pojects_Builds/Game--Pong/lib/sfml/lib/Debug/sfml-window-d.lib and object C:/Users/carlo/Game_Pojects_Builds/Game--Pong/lib/sfml/lib/Debug/sfml-window-d.exp
  sfml-window.vcxproj -> C:\Users\carlo\Game_Pojects_Builds\Game--Pong\bin\Debug\sfml-window-d-3.dll
